<?xml version="1.0" encoding="UTF-8"?>
<!-- Generated by org.testng.reporters.JUnitReportReporter -->
<testsuite skipped="0" hostname="computer" name="GuruSelenium.FirstTestNGFile" tests="1" failures="0" timestamp="19 Oct 2017 07:14:22 GMT" time="21.155" errors="0">
  <testcase name="verifyHomepageTitle" time="21.155" classname="GuruSelenium.FirstTestNGFile"/>
</testsuite> <!-- GuruSelenium.FirstTestNGFile -->
