<?xml version="1.0" encoding="UTF-8"?>
<!-- Generated by org.testng.reporters.JUnitReportReporter -->
<testsuite skipped="0" hostname="computer" name="guruSelenium.ParameterDataproviderWithClassLevel" tests="3" failures="0" timestamp="19 Oct 2017 12:00:51 GMT" time="11.004" errors="0">
  <testcase name="testMethod" time="3.528" classname="guruSelenium.ParameterDataproviderWithClassLevel"/>
  <testcase name="testMethod" time="3.964" classname="guruSelenium.ParameterDataproviderWithClassLevel"/>
  <testcase name="testMethod" time="3.512" classname="guruSelenium.ParameterDataproviderWithClassLevel"/>
</testsuite> <!-- guruSelenium.ParameterDataproviderWithClassLevel -->
