<?xml version="1.0" encoding="UTF-8"?>
<!-- Generated by org.testng.reporters.JUnitReportReporter -->
<testsuite skipped="0" hostname="computer" name="wordpress.ModifiedMainWordpressp" tests="1" failures="0" timestamp="21 Nov 2017 10:00:46 GMT" time="230.290" errors="0">
  <testcase name="loginWordpress" time="230.290" classname="wordpress.ModifiedMainWordpressp"/>
</testsuite> <!-- wordpress.ModifiedMainWordpressp -->
