<?xml version="1.0" encoding="UTF-8"?>
<!-- Generated by org.testng.reporters.JUnitReportReporter -->
<testsuite skipped="0" hostname="computer" name="guruSelenium.Practice" tests="3" failures="0" timestamp="19 Oct 2017 12:13:11 GMT" time="0.001" errors="0">
  <testcase name="testMethodB" time="0.000" classname="guruSelenium.Practice"/>
  <testcase name="testMethodB" time="0.001" classname="guruSelenium.Practice"/>
  <testcase name="testMethodB" time="0.000" classname="guruSelenium.Practice"/>
</testsuite> <!-- guruSelenium.Practice -->
