<?xml version="1.0" encoding="UTF-8"?>
<!-- Generated by org.testng.reporters.JUnitReportReporter -->
<testsuite skipped="0" hostname="computer" name="guruProject.Day2" tests="1" failures="0" timestamp="12 Dec 2017 15:36:09 GMT" time="13.045" errors="0">
  <testcase name="setUp" time="13.045" classname="guruProject.Day2"/>
</testsuite> <!-- guruProject.Day2 -->
