<?xml version="1.0" encoding="UTF-8"?>
<!-- Generated by org.testng.reporters.JUnitReportReporter -->
<testsuite skipped="0" hostname="computer" name="Qedge.HowbigismyBrowser" tests="1" failures="0" timestamp="04 Nov 2017 14:25:47 GMT" time="58.326" errors="0">
  <testcase name="f" time="58.326" classname="Qedge.HowbigismyBrowser"/>
</testsuite> <!-- Qedge.HowbigismyBrowser -->
