<?xml version="1.0" encoding="UTF-8"?>
<!-- Generated by org.testng.reporters.JUnitReportReporter -->
<testsuite skipped="0" hostname="computer" name="wordpress.Log4jWordpressMain" tests="1" failures="0" timestamp="21 Nov 2017 18:54:40 GMT" time="193.413" errors="0">
  <testcase name="login" time="193.413" classname="wordpress.Log4jWordpressMain"/>
</testsuite> <!-- wordpress.Log4jWordpressMain -->
