<?xml version="1.0" encoding="UTF-8"?>
<!-- Generated by org.testng.reporters.JUnitReportReporter -->
<testsuite skipped="0" hostname="computer" name="guruSelenium.ParameterWithTestNGXML" tests="1" failures="0" timestamp="19 Oct 2017 09:34:23 GMT" time="29.142" errors="0">
  <testcase name="testParameterWithXML" time="29.142" classname="guruSelenium.ParameterWithTestNGXML"/>
</testsuite> <!-- guruSelenium.ParameterWithTestNGXML -->
