<?xml version="1.0" encoding="UTF-8"?>
<!-- Generated by org.testng.reporters.JUnitReportReporter -->
<testsuite skipped="0" hostname="computer" name="guruSelenium.ParameterByMethodInDataprovider" tests="6" failures="0" timestamp="19 Oct 2017 11:41:53 GMT" time="25.234" errors="0">
  <testcase name="testMethodB" time="3.848" classname="guruSelenium.ParameterByMethodInDataprovider"/>
  <testcase name="testMethodA" time="3.646" classname="guruSelenium.ParameterByMethodInDataprovider"/>
  <testcase name="testMethodA" time="6.419" classname="guruSelenium.ParameterByMethodInDataprovider"/>
  <testcase name="testMethodB" time="3.767" classname="guruSelenium.ParameterByMethodInDataprovider"/>
  <testcase name="testMethodA" time="3.618" classname="guruSelenium.ParameterByMethodInDataprovider"/>
  <testcase name="testMethodB" time="3.936" classname="guruSelenium.ParameterByMethodInDataprovider"/>
</testsuite> <!-- guruSelenium.ParameterByMethodInDataprovider -->
