<?xml version="1.0" encoding="UTF-8"?>
<!-- Generated by org.testng.reporters.JUnitReportReporter -->
<testsuite skipped="0" hostname="computer" name="guruSelenium.ParameterByDataprovider" tests="3" failures="0" timestamp="19 Oct 2017 10:08:04 GMT" time="11.832" errors="0">
  <testcase name="testMethod" time="4.042" classname="guruSelenium.ParameterByDataprovider"/>
  <testcase name="testMethod" time="3.950" classname="guruSelenium.ParameterByDataprovider"/>
  <testcase name="testMethod" time="3.840" classname="guruSelenium.ParameterByDataprovider"/>
</testsuite> <!-- guruSelenium.ParameterByDataprovider -->
