<?xml version="1.0" encoding="UTF-8"?>
<!-- Generated by org.testng.reporters.JUnitReportReporter -->
<testsuite skipped="0" hostname="computer" name="guruSelenium.NoParameterWithTestNGXML" tests="1" failures="0" timestamp="19 Oct 2017 09:02:11 GMT" time="31.002" errors="0">
  <testcase name="testNoParameter" time="31.002" classname="guruSelenium.NoParameterWithTestNGXML"/>
</testsuite> <!-- guruSelenium.NoParameterWithTestNGXML -->
