<?xml version="1.0" encoding="UTF-8"?>
<!-- Generated by org.testng.reporters.JUnitReportReporter -->
<testsuite skipped="0" hostname="computer" name="Basics.MutlipWindowsQaTech" tests="1" failures="0" timestamp="02 Mar 2018 09:15:16 GMT" time="45.031" errors="0">
  <testcase name="test_closeAllWindowsExceptMainW" time="45.031" classname="Basics.MutlipWindowsQaTech"/>
</testsuite> <!-- Basics.MutlipWindowsQaTech -->
